<?xml version="1.0" encoding="UTF-8"?>
<!-- Generated by org.testng.reporters.JUnitReportReporter -->
<testsuite skipped="0" hostname="APL-PG029G6J" name="com.qa.tests.LoginTests" tests="3" failures="0" timestamp="2021-06-23T20:22:02 IST" time="47.194" errors="0">
  <testcase name="invalidPassword" time="18.682" classname="com.qa.tests.LoginTests"/>
  <system-out/>
  <testcase name="invalidUsername" time="13.515" classname="com.qa.tests.LoginTests"/>
  <system-out/>
  <testcase name="successfulLogin" time="14.997" classname="com.qa.tests.LoginTests"/>
  <system-out/>
</testsuite> <!-- com.qa.tests.LoginTests -->
