<?xml version="1.0" encoding="UTF-8"?>
<!-- Generated by org.testng.reporters.JUnitReportReporter -->
<testsuite skipped="0" hostname="APL-PG029G6J" name="com.qa.tests.ProductsTests" tests="2" failures="0" timestamp="2021-06-23T20:22:02 IST" time="57.854" errors="0">
  <testcase name="validateProductOnProductsPageAndBackToProductPageButton" time="21.120" classname="com.qa.tests.ProductsTests"/>
  <system-out/>
  <testcase name="validateProductOnProductsDetailsPage" time="36.734" classname="com.qa.tests.ProductsTests"/>
  <system-out/>
</testsuite> <!-- com.qa.tests.ProductsTests -->
