<?xml version="1.0" encoding="UTF-8"?>
<!-- Generated by org.testng.reporters.JUnitReportReporter -->
<testsuite skipped="0" hostname="APL-PG029G6J" name="com.qa.tests.ProductsTests" tests="2" failures="0" timestamp="2021-06-26T21:34:07 IST" time="42.451" errors="0">
  <testcase name="validateProductOnProductsDetailsPage" time="25.212" classname="com.qa.tests.ProductsTests"/>
  <system-out/>
  <testcase name="validateProductOnProductsPageAndBackToProductPageButton" time="17.239" classname="com.qa.tests.ProductsTests"/>
  <system-out/>
</testsuite> <!-- com.qa.tests.ProductsTests -->
