<?xml version="1.0" encoding="UTF-8"?>
<!-- Generated by org.testng.reporters.JUnitReportReporter -->
<testsuite skipped="0" hostname="APL-PG029G6J" name="com.qa.tests.LoginTests" tests="3" failures="0" timestamp="2021-06-26T21:34:07 IST" time="32.298" errors="0">
  <testcase name="successfulLogin" time="9.909" classname="com.qa.tests.LoginTests"/>
  <system-out/>
  <testcase name="invalidPassword" time="12.071" classname="com.qa.tests.LoginTests"/>
  <system-out/>
  <testcase name="invalidUsername" time="10.318" classname="com.qa.tests.LoginTests"/>
  <system-out/>
</testsuite> <!-- com.qa.tests.LoginTests -->
